<?xml version="1.0"?>
<!DOCTYPE coverage SYSTEM "http://cobertura.sourceforge.net/xml/coverage-04.dtd">

<coverage line-rate="0.8888888888888888" branch-rate="1.0" lines-covered="56" lines-valid="63" branches-covered="14" branches-valid="14" complexity="1.5" version="2.1.1" timestamp="1510748435417">
	<sources>
		<source>C:/ibm-maven-banglore/pms/src/main/java</source>
		<source>--source</source>
	</sources>
	<packages>
		<package name="com.example" line-rate="0.8888888888888888" branch-rate="1.0" complexity="1.5">
			<classes>
				<class name="com.example.CalculatorService" filename="com/example/CalculatorService.java" line-rate="0.0" branch-rate="1.0" complexity="1.0">
					<methods>
						<method name="&lt;init&gt;" signature="()V" line-rate="0.0" branch-rate="1.0" complexity="0">
							<lines>
								<line number="3" hits="0" branch="false"/>
							</lines>
						</method>
						<method name="sum" signature="(II)I" line-rate="0.0" branch-rate="1.0" complexity="0">
							<lines>
								<line number="6" hits="0" branch="false"/>
								<line number="7" hits="0" branch="false"/>
							</lines>
						</method>
					</methods>
					<lines>
						<line number="3" hits="0" branch="false"/>
						<line number="6" hits="0" branch="false"/>
						<line number="7" hits="0" branch="false"/>
					</lines>
				</class>
				<class name="com.example.InvalidProductException" filename="com/example/InvalidProductException.java" line-rate="1.0" branch-rate="1.0" complexity="1.0">
					<methods>
						<method name="&lt;init&gt;" signature="(Ljava/lang/String;)V" line-rate="1.0" branch-rate="1.0" complexity="0">
							<lines>
								<line number="6" hits="1" branch="false"/>
								<line number="7" hits="1" branch="false"/>
							</lines>
						</method>
					</methods>
					<lines>
						<line number="6" hits="1" branch="false"/>
						<line number="7" hits="1" branch="false"/>
					</lines>
				</class>
				<class name="com.example.InvalidSalaryException" filename="com/example/InvalidSalaryException.java" line-rate="1.0" branch-rate="1.0" complexity="1.0">
					<methods>
						<method name="&lt;init&gt;" signature="(Ljava/lang/String;)V" line-rate="1.0" branch-rate="1.0" complexity="0">
							<lines>
								<line number="7" hits="2" branch="false"/>
								<line number="8" hits="2" branch="false"/>
							</lines>
						</method>
					</methods>
					<lines>
						<line number="7" hits="2" branch="false"/>
						<line number="8" hits="2" branch="false"/>
					</lines>
				</class>
				<class name="com.example.PayrollService" filename="com/example/PayrollService.java" line-rate="1.0" branch-rate="1.0" complexity="3.0">
					<methods>
						<method name="&lt;init&gt;" signature="()V" line-rate="1.0" branch-rate="1.0" complexity="0">
							<lines>
								<line number="4" hits="4" branch="false"/>
							</lines>
						</method>
						<method name="da" signature="(D)D" line-rate="1.0" branch-rate="1.0" complexity="0">
							<lines>
								<line number="7" hits="2" branch="true" condition-coverage="100% (2/2)">
									<conditions>
										<condition number="0" type="jump" coverage="100%"/>
									</conditions>
								</line>
								<line number="8" hits="1" branch="false"/>
								<line number="10" hits="1" branch="false"/>
							</lines>
						</method>
						<method name="hra" signature="(D)D" line-rate="1.0" branch-rate="1.0" complexity="0">
							<lines>
								<line number="14" hits="2" branch="true" condition-coverage="100% (2/2)">
									<conditions>
										<condition number="0" type="jump" coverage="100%"/>
									</conditions>
								</line>
								<line number="15" hits="1" branch="false"/>
								<line number="17" hits="1" branch="false"/>
							</lines>
						</method>
					</methods>
					<lines>
						<line number="4" hits="4" branch="false"/>
						<line number="7" hits="2" branch="true" condition-coverage="100% (2/2)">
							<conditions>
								<condition number="0" type="jump" coverage="100%"/>
							</conditions>
						</line>
						<line number="8" hits="1" branch="false"/>
						<line number="10" hits="1" branch="false"/>
						<line number="14" hits="2" branch="true" condition-coverage="100% (2/2)">
							<conditions>
								<condition number="0" type="jump" coverage="100%"/>
							</conditions>
						</line>
						<line number="15" hits="1" branch="false"/>
						<line number="17" hits="1" branch="false"/>
					</lines>
				</class>
				<class name="com.example.Product" filename="com/example/Product.java" line-rate="0.75" branch-rate="1.0" complexity="1.0">
					<methods>
						<method name="&lt;init&gt;" signature="(ILjava/lang/String;DI)V" line-rate="1.0" branch-rate="1.0" complexity="0">
							<lines>
								<line number="11" hits="19" branch="false"/>
								<line number="12" hits="19" branch="false"/>
								<line number="13" hits="19" branch="false"/>
								<line number="14" hits="19" branch="false"/>
								<line number="15" hits="19" branch="false"/>
								<line number="16" hits="19" branch="false"/>
							</lines>
						</method>
						<method name="getId" signature="()I" line-rate="1.0" branch-rate="1.0" complexity="0">
							<lines>
								<line number="19" hits="32" branch="false"/>
							</lines>
						</method>
						<method name="getName" signature="()Ljava/lang/String;" line-rate="1.0" branch-rate="1.0" complexity="0">
							<lines>
								<line number="23" hits="1" branch="false"/>
							</lines>
						</method>
						<method name="getPrice" signature="()D" line-rate="1.0" branch-rate="1.0" complexity="0">
							<lines>
								<line number="31" hits="3" branch="false"/>
							</lines>
						</method>
						<method name="getQty" signature="()I" line-rate="1.0" branch-rate="1.0" complexity="0">
							<lines>
								<line number="39" hits="31" branch="false"/>
							</lines>
						</method>
						<method name="setName" signature="(Ljava/lang/String;)V" line-rate="0.0" branch-rate="1.0" complexity="0">
							<lines>
								<line number="27" hits="0" branch="false"/>
								<line number="28" hits="0" branch="false"/>
							</lines>
						</method>
						<method name="setPrice" signature="(D)V" line-rate="0.0" branch-rate="1.0" complexity="0">
							<lines>
								<line number="35" hits="0" branch="false"/>
								<line number="36" hits="0" branch="false"/>
							</lines>
						</method>
						<method name="setQty" signature="(I)V" line-rate="1.0" branch-rate="1.0" complexity="0">
							<lines>
								<line number="43" hits="14" branch="false"/>
								<line number="44" hits="14" branch="false"/>
							</lines>
						</method>
					</methods>
					<lines>
						<line number="11" hits="19" branch="false"/>
						<line number="12" hits="19" branch="false"/>
						<line number="13" hits="19" branch="false"/>
						<line number="14" hits="19" branch="false"/>
						<line number="15" hits="19" branch="false"/>
						<line number="16" hits="19" branch="false"/>
						<line number="19" hits="32" branch="false"/>
						<line number="23" hits="1" branch="false"/>
						<line number="27" hits="0" branch="false"/>
						<line number="28" hits="0" branch="false"/>
						<line number="31" hits="3" branch="false"/>
						<line number="35" hits="0" branch="false"/>
						<line number="36" hits="0" branch="false"/>
						<line number="39" hits="31" branch="false"/>
						<line number="43" hits="14" branch="false"/>
						<line number="44" hits="14" branch="false"/>
					</lines>
				</class>
				<class name="com.example.ShoppingService" filename="com/example/ShoppingService.java" line-rate="1.0" branch-rate="1.0" complexity="1.8571428571428572">
					<methods>
						<method name="&lt;init&gt;" signature="()V" line-rate="1.0" branch-rate="1.0" complexity="0">
							<lines>
								<line number="7" hits="13" branch="false"/>
								<line number="9" hits="13" branch="false"/>
							</lines>
						</method>
						<method name="addItem" signature="(Lcom/example/Product;)V" line-rate="1.0" branch-rate="1.0" complexity="0">
							<lines>
								<line number="12" hits="31" branch="false"/>
								<line number="13" hits="30" branch="true" condition-coverage="100% (2/2)">
									<conditions>
										<condition number="0" type="jump" coverage="100%"/>
									</conditions>
								</line>
								<line number="14" hits="11" branch="false"/>
								<line number="15" hits="11" branch="false"/>
								<line number="16" hits="11" branch="false"/>
								<line number="17" hits="19" branch="false"/>
								<line number="19" hits="30" branch="false"/>
							</lines>
						</method>
						<method name="cartDetails" signature="()Ljava/util/Collection;" line-rate="1.0" branch-rate="1.0" complexity="0">
							<lines>
								<line number="31" hits="3" branch="false"/>
							</lines>
						</method>
						<method name="countItems" signature="()I" line-rate="1.0" branch-rate="1.0" complexity="0">
							<lines>
								<line number="22" hits="8" branch="false"/>
								<line number="23" hits="8" branch="false"/>
								<line number="24" hits="8" branch="true" condition-coverage="100% (2/2)">
									<conditions>
										<condition number="0" type="jump" coverage="100%"/>
									</conditions>
								</line>
								<line number="25" hits="10" branch="false"/>
								<line number="26" hits="10" branch="false"/>
								<line number="27" hits="8" branch="false"/>
							</lines>
						</method>
						<method name="emptyCart" signature="()V" line-rate="1.0" branch-rate="1.0" complexity="0">
							<lines>
								<line number="60" hits="1" branch="false"/>
								<line number="61" hits="1" branch="false"/>
							</lines>
						</method>
						<method name="placeOrder" signature="()Ljava/lang/String;" line-rate="1.0" branch-rate="1.0" complexity="0">
							<lines>
								<line number="65" hits="3" branch="false"/>
							</lines>
						</method>
						<method name="removeItem" signature="(I)V" line-rate="1.0" branch-rate="1.0" complexity="0">
							<lines>
								<line number="35" hits="5" branch="true" condition-coverage="100% (2/2)">
									<conditions>
										<condition number="0" type="jump" coverage="100%"/>
									</conditions>
								</line>
								<line number="36" hits="1" branch="false"/>
								<line number="39" hits="4" branch="false"/>
								<line number="40" hits="4" branch="true" condition-coverage="100% (2/2)">
									<conditions>
										<condition number="0" type="jump" coverage="100%"/>
									</conditions>
								</line>
								<line number="41" hits="1" branch="false"/>
								<line number="43" hits="3" branch="false"/>
								<line number="47" hits="4" branch="false"/>
							</lines>
						</method>
						<method name="totalPrice" signature="()D" line-rate="1.0" branch-rate="1.0" complexity="0">
							<lines>
								<line number="50" hits="1" branch="false"/>
								<line number="51" hits="1" branch="false"/>
								<line number="52" hits="1" branch="true" condition-coverage="100% (2/2)">
									<conditions>
										<condition number="0" type="jump" coverage="100%"/>
									</conditions>
								</line>
								<line number="53" hits="3" branch="false"/>
								<line number="54" hits="3" branch="false"/>
								<line number="55" hits="3" branch="false"/>
								<line number="56" hits="1" branch="false"/>
							</lines>
						</method>
					</methods>
					<lines>
						<line number="7" hits="13" branch="false"/>
						<line number="9" hits="13" branch="false"/>
						<line number="12" hits="31" branch="false"/>
						<line number="13" hits="30" branch="true" condition-coverage="100% (2/2)">
							<conditions>
								<condition number="0" type="jump" coverage="100%"/>
							</conditions>
						</line>
						<line number="14" hits="11" branch="false"/>
						<line number="15" hits="11" branch="false"/>
						<line number="16" hits="11" branch="false"/>
						<line number="17" hits="19" branch="false"/>
						<line number="19" hits="30" branch="false"/>
						<line number="22" hits="8" branch="false"/>
						<line number="23" hits="8" branch="false"/>
						<line number="24" hits="8" branch="true" condition-coverage="100% (2/2)">
							<conditions>
								<condition number="0" type="jump" coverage="100%"/>
							</conditions>
						</line>
						<line number="25" hits="10" branch="false"/>
						<line number="26" hits="10" branch="false"/>
						<line number="27" hits="8" branch="false"/>
						<line number="31" hits="3" branch="false"/>
						<line number="35" hits="5" branch="true" condition-coverage="100% (2/2)">
							<conditions>
								<condition number="0" type="jump" coverage="100%"/>
							</conditions>
						</line>
						<line number="36" hits="1" branch="false"/>
						<line number="39" hits="4" branch="false"/>
						<line number="40" hits="4" branch="true" condition-coverage="100% (2/2)">
							<conditions>
								<condition number="0" type="jump" coverage="100%"/>
							</conditions>
						</line>
						<line number="41" hits="1" branch="false"/>
						<line number="43" hits="3" branch="false"/>
						<line number="47" hits="4" branch="false"/>
						<line number="50" hits="1" branch="false"/>
						<line number="51" hits="1" branch="false"/>
						<line number="52" hits="1" branch="true" condition-coverage="100% (2/2)">
							<conditions>
								<condition number="0" type="jump" coverage="100%"/>
							</conditions>
						</line>
						<line number="53" hits="3" branch="false"/>
						<line number="54" hits="3" branch="false"/>
						<line number="55" hits="3" branch="false"/>
						<line number="56" hits="1" branch="false"/>
						<line number="60" hits="1" branch="false"/>
						<line number="61" hits="1" branch="false"/>
						<line number="65" hits="3" branch="false"/>
					</lines>
				</class>
			</classes>
		</package>
	</packages>
</coverage>
