<?xml version="1.0" encoding="UTF-8" ?>
<testsuite tests="13" failures="0" name="com.example.ShoppingServiceTest" time="0" errors="0" skipped="0">
  <properties>
[...]
</properties>
  <testcase classname="com.example.ShoppingServiceTest" name="removingItemFromCartShouldReduceCartSize" time="0"/>
  <testcase classname="com.example.ShoppingServiceTest" name="addNullItemShouldProductNullException" time="0"/>
  <testcase classname="com.example.ShoppingServiceTest" name="totalPriceShouldResultWithAccurateCartValue" time="0"/>
  <testcase classname="com.example.ShoppingServiceTest" name="addDuplicateItemShouldResultInSameItemAddedTwice" time="0"/>
  <testcase classname="com.example.ShoppingServiceTest" name="emptyCartShouldAlsoResultInNonNullCart" time="0"/>
  <testcase classname="com.example.ShoppingServiceTest" name="emptyCartShouldResultZeroItemsInCart" time="0"/>
  <testcase classname="com.example.ShoppingServiceTest" name="emptyingCartShouldReduceCartSizeToBeZero" time="0"/>
  <testcase classname="com.example.ShoppingServiceTest" name="removingAllLoptopItemsFromCartShouldRemoveFromCart" time="0"/>
  <testcase classname="com.example.ShoppingServiceTest" name="removingNonExistingItemFromCartShouldResultInException" time="0"/>
  <testcase classname="com.example.ShoppingServiceTest" name="addMultipleItemsShouldMakeCartSizeToBeMoreThanOne" time="0"/>
  <testcase classname="com.example.ShoppingServiceTest" name="addLaptopInCartShouldResultInLaptopOnly" time="0"/>
  <testcase classname="com.example.ShoppingServiceTest" name="addOneItemShouldMakeCartSizeToBeOne" time="0"/>
  <testcase classname="com.example.ShoppingServiceTest" name="placeOrderShouldGiveOrderNumber" time="0"/>
</testsuite>